The system is: Linux - 4.15.0-45-generic - x86_64
Compiling the C compiler identification source file "CMakeCCompilerId.c" succeeded.
Compiler: /usr/bin/clang 
Build flags: 
Id flags:  

The output was:
0


Compilation of the C compiler identification source "CMakeCCompilerId.c" produced "a.out"

The C compiler identification is Clang, found in "/home/sina/Desktop/llvm-cs202/HelloPass-LLVM/Pass/build/CMakeFiles/3.14.0-rc2/CompilerIdC/a.out"

Compiling the CXX compiler identification source file "CMakeCXXCompilerId.cpp" succeeded.
Compiler: /usr/bin/clang++ 
Build flags: 
Id flags:  

The output was:
0


Compilation of the CXX compiler identification source "CMakeCXXCompilerId.cpp" produced "a.out"

The CXX compiler identification is Clang, found in "/home/sina/Desktop/llvm-cs202/HelloPass-LLVM/Pass/build/CMakeFiles/3.14.0-rc2/CompilerIdCXX/a.out"

Determining if the C compiler works passed with the following output:
Change Dir: /home/sina/Desktop/llvm-cs202/HelloPass-LLVM/Pass/build/CMakeFiles/CMakeTmp

Run Build Command(s):/usr/bin/make cmTC_75c56/fast 
/usr/bin/make -f CMakeFiles/cmTC_75c56.dir/build.make CMakeFiles/cmTC_75c56.dir/build
make[1]: Entering directory '/home/sina/Desktop/llvm-cs202/HelloPass-LLVM/Pass/build/CMakeFiles/CMakeTmp'
Building C object CMakeFiles/cmTC_75c56.dir/testCCompiler.c.o
/usr/bin/clang    -o CMakeFiles/cmTC_75c56.dir/testCCompiler.c.o   -c /home/sina/Desktop/llvm-cs202/HelloPass-LLVM/Pass/build/CMakeFiles/CMakeTmp/testCCompiler.c
Linking C executable cmTC_75c56
/home/sina/Desktop/llvm-cs202/cmake-3.14.0-rc2/bin/cmake -E cmake_link_script CMakeFiles/cmTC_75c56.dir/link.txt --verbose=1
/usr/bin/clang      -rdynamic CMakeFiles/cmTC_75c56.dir/testCCompiler.c.o  -o cmTC_75c56 
make[1]: Leaving directory '/home/sina/Desktop/llvm-cs202/HelloPass-LLVM/Pass/build/CMakeFiles/CMakeTmp'


Detecting C compiler ABI info compiled with the following output:
Change Dir: /home/sina/Desktop/llvm-cs202/HelloPass-LLVM/Pass/build/CMakeFiles/CMakeTmp

Run Build Command(s):/usr/bin/make cmTC_7b83a/fast 
/usr/bin/make -f CMakeFiles/cmTC_7b83a.dir/build.make CMakeFiles/cmTC_7b83a.dir/build
make[1]: Entering directory '/home/sina/Desktop/llvm-cs202/HelloPass-LLVM/Pass/build/CMakeFiles/CMakeTmp'
Building C object CMakeFiles/cmTC_7b83a.dir/CMakeCCompilerABI.c.o
/usr/bin/clang   -v -o CMakeFiles/cmTC_7b83a.dir/CMakeCCompilerABI.c.o   -c /home/sina/Desktop/llvm-cs202/cmake-3.14.0-rc2/Modules/CMakeCCompilerABI.c
clang version 9.0.0 (trunk 351520)
Target: x86_64-unknown-linux-gnu
Thread model: posix
InstalledDir: /usr/bin
Found candidate GCC installation: /usr/bin/../lib/gcc/x86_64-linux-gnu/4.8
Found candidate GCC installation: /usr/bin/../lib/gcc/x86_64-linux-gnu/4.8.5
Found candidate GCC installation: /usr/bin/../lib/gcc/x86_64-linux-gnu/5
Found candidate GCC installation: /usr/bin/../lib/gcc/x86_64-linux-gnu/5.5.0
Found candidate GCC installation: /usr/bin/../lib/gcc/x86_64-linux-gnu/7
Found candidate GCC installation: /usr/bin/../lib/gcc/x86_64-linux-gnu/7.3.0
Found candidate GCC installation: /usr/bin/../lib/gcc/x86_64-linux-gnu/8
Found candidate GCC installation: /usr/lib/gcc/x86_64-linux-gnu/4.8
Found candidate GCC installation: /usr/lib/gcc/x86_64-linux-gnu/4.8.5
Found candidate GCC installation: /usr/lib/gcc/x86_64-linux-gnu/5
Found candidate GCC installation: /usr/lib/gcc/x86_64-linux-gnu/5.5.0
Found candidate GCC installation: /usr/lib/gcc/x86_64-linux-gnu/7
Found candidate GCC installation: /usr/lib/gcc/x86_64-linux-gnu/7.3.0
Found candidate GCC installation: /usr/lib/gcc/x86_64-linux-gnu/8
Selected GCC installation: /usr/bin/../lib/gcc/x86_64-linux-gnu/7.3.0
Candidate multilib: .;@m64
Candidate multilib: 32;@m32
Candidate multilib: x32;@mx32
Selected multilib: .;@m64
 "/home/sina/Desktop/llvm-cs202/build/bin/clang-9" -cc1 -triple x86_64-unknown-linux-gnu -emit-obj -mrelax-all -disable-free -main-file-name CMakeCCompilerABI.c -mrelocation-model static -mthread-model posix -mdisable-fp-elim -fmath-errno -masm-verbose -mconstructor-aliases -munwind-tables -fuse-init-array -target-cpu x86-64 -dwarf-column-info -debugger-tuning=gdb -v -coverage-notes-file /home/sina/Desktop/llvm-cs202/HelloPass-LLVM/Pass/build/CMakeFiles/CMakeTmp/CMakeFiles/cmTC_7b83a.dir/CMakeCCompilerABI.c.gcno -resource-dir /home/sina/Desktop/llvm-cs202/build/lib/clang/9.0.0 -internal-isystem /usr/local/include -internal-isystem /home/sina/Desktop/llvm-cs202/build/lib/clang/9.0.0/include -internal-externc-isystem /usr/include/x86_64-linux-gnu -internal-externc-isystem /include -internal-externc-isystem /usr/include -fdebug-compilation-dir /home/sina/Desktop/llvm-cs202/HelloPass-LLVM/Pass/build/CMakeFiles/CMakeTmp -ferror-limit 19 -fmessage-length 0 -fobjc-runtime=gcc -fdiagnostics-show-option -o CMakeFiles/cmTC_7b83a.dir/CMakeCCompilerABI.c.o -x c /home/sina/Desktop/llvm-cs202/cmake-3.14.0-rc2/Modules/CMakeCCompilerABI.c -faddrsig
clang -cc1 version 9.0.0 based upon LLVM 9.0.0svn default target x86_64-unknown-linux-gnu
ignoring nonexistent directory "/include"
#include "..." search starts here:
#include <...> search starts here:
 /usr/local/include
 /home/sina/Desktop/llvm-cs202/build/lib/clang/9.0.0/include
 /usr/include/x86_64-linux-gnu
 /usr/include
End of search list.
Linking C executable cmTC_7b83a
/home/sina/Desktop/llvm-cs202/cmake-3.14.0-rc2/bin/cmake -E cmake_link_script CMakeFiles/cmTC_7b83a.dir/link.txt --verbose=1
/usr/bin/clang     -v -rdynamic CMakeFiles/cmTC_7b83a.dir/CMakeCCompilerABI.c.o  -o cmTC_7b83a 
clang version 9.0.0 (trunk 351520)
Target: x86_64-unknown-linux-gnu
Thread model: posix
InstalledDir: /usr/bin
Found candidate GCC installation: /usr/bin/../lib/gcc/x86_64-linux-gnu/4.8
Found candidate GCC installation: /usr/bin/../lib/gcc/x86_64-linux-gnu/4.8.5
Found candidate GCC installation: /usr/bin/../lib/gcc/x86_64-linux-gnu/5
Found candidate GCC installation: /usr/bin/../lib/gcc/x86_64-linux-gnu/5.5.0
Found candidate GCC installation: /usr/bin/../lib/gcc/x86_64-linux-gnu/7
Found candidate GCC installation: /usr/bin/../lib/gcc/x86_64-linux-gnu/7.3.0
Found candidate GCC installation: /usr/bin/../lib/gcc/x86_64-linux-gnu/8
Found candidate GCC installation: /usr/lib/gcc/x86_64-linux-gnu/4.8
Found candidate GCC installation: /usr/lib/gcc/x86_64-linux-gnu/4.8.5
Found candidate GCC installation: /usr/lib/gcc/x86_64-linux-gnu/5
Found candidate GCC installation: /usr/lib/gcc/x86_64-linux-gnu/5.5.0
Found candidate GCC installation: /usr/lib/gcc/x86_64-linux-gnu/7
Found candidate GCC installation: /usr/lib/gcc/x86_64-linux-gnu/7.3.0
Found candidate GCC installation: /usr/lib/gcc/x86_64-linux-gnu/8
Selected GCC installation: /usr/bin/../lib/gcc/x86_64-linux-gnu/7.3.0
Candidate multilib: .;@m64
Candidate multilib: 32;@m32
Candidate multilib: x32;@mx32
Selected multilib: .;@m64
 "/usr/bin/ld" -export-dynamic -z relro --hash-style=gnu --eh-frame-hdr -m elf_x86_64 -export-dynamic -dynamic-linker /lib64/ld-linux-x86-64.so.2 -o cmTC_7b83a /usr/bin/../lib/gcc/x86_64-linux-gnu/7.3.0/../../../x86_64-linux-gnu/crt1.o /usr/bin/../lib/gcc/x86_64-linux-gnu/7.3.0/../../../x86_64-linux-gnu/crti.o /usr/bin/../lib/gcc/x86_64-linux-gnu/7.3.0/crtbegin.o -L/usr/bin/../lib/gcc/x86_64-linux-gnu/7.3.0 -L/usr/bin/../lib/gcc/x86_64-linux-gnu/7.3.0/../../../x86_64-linux-gnu -L/lib/x86_64-linux-gnu -L/lib/../lib64 -L/usr/lib/x86_64-linux-gnu -L/usr/bin/../lib/gcc/x86_64-linux-gnu/7.3.0/../../.. -L/home/sina/Desktop/llvm-cs202/build/bin/../lib -L/lib -L/usr/lib CMakeFiles/cmTC_7b83a.dir/CMakeCCompilerABI.c.o -lgcc --as-needed -lgcc_s --no-as-needed -lc -lgcc --as-needed -lgcc_s --no-as-needed /usr/bin/../lib/gcc/x86_64-linux-gnu/7.3.0/crtend.o /usr/bin/../lib/gcc/x86_64-linux-gnu/7.3.0/../../../x86_64-linux-gnu/crtn.o
make[1]: Leaving directory '/home/sina/Desktop/llvm-cs202/HelloPass-LLVM/Pass/build/CMakeFiles/CMakeTmp'


Parsed C implicit include dir info from above output: rv=done
  found start of include info
  found start of implicit include info
    add: [/usr/local/include]
    add: [/home/sina/Desktop/llvm-cs202/build/lib/clang/9.0.0/include]
    add: [/usr/include/x86_64-linux-gnu]
    add: [/usr/include]
  end of search list found
  implicit include dirs: [/usr/local/include;/home/sina/Desktop/llvm-cs202/build/lib/clang/9.0.0/include;/usr/include/x86_64-linux-gnu;/usr/include]


Parsed C implicit link information from above output:
  link line regex: [^( *|.*[/\])(ld|CMAKE_LINK_STARTFILE-NOTFOUND|([^/\]+-)?ld|collect2)[^/\]*( |$)]
  ignore line: [Change Dir: /home/sina/Desktop/llvm-cs202/HelloPass-LLVM/Pass/build/CMakeFiles/CMakeTmp]
  ignore line: []
  ignore line: [Run Build Command(s):/usr/bin/make cmTC_7b83a/fast ]
  ignore line: [/usr/bin/make -f CMakeFiles/cmTC_7b83a.dir/build.make CMakeFiles/cmTC_7b83a.dir/build]
  ignore line: [make[1]: Entering directory '/home/sina/Desktop/llvm-cs202/HelloPass-LLVM/Pass/build/CMakeFiles/CMakeTmp']
  ignore line: [Building C object CMakeFiles/cmTC_7b83a.dir/CMakeCCompilerABI.c.o]
  ignore line: [/usr/bin/clang   -v -o CMakeFiles/cmTC_7b83a.dir/CMakeCCompilerABI.c.o   -c /home/sina/Desktop/llvm-cs202/cmake-3.14.0-rc2/Modules/CMakeCCompilerABI.c]
  ignore line: [clang version 9.0.0 (trunk 351520)]
  ignore line: [Target: x86_64-unknown-linux-gnu]
  ignore line: [Thread model: posix]
  ignore line: [InstalledDir: /usr/bin]
  ignore line: [Found candidate GCC installation: /usr/bin/../lib/gcc/x86_64-linux-gnu/4.8]
  ignore line: [Found candidate GCC installation: /usr/bin/../lib/gcc/x86_64-linux-gnu/4.8.5]
  ignore line: [Found candidate GCC installation: /usr/bin/../lib/gcc/x86_64-linux-gnu/5]
  ignore line: [Found candidate GCC installation: /usr/bin/../lib/gcc/x86_64-linux-gnu/5.5.0]
  ignore line: [Found candidate GCC installation: /usr/bin/../lib/gcc/x86_64-linux-gnu/7]
  ignore line: [Found candidate GCC installation: /usr/bin/../lib/gcc/x86_64-linux-gnu/7.3.0]
  ignore line: [Found candidate GCC installation: /usr/bin/../lib/gcc/x86_64-linux-gnu/8]
  ignore line: [Found candidate GCC installation: /usr/lib/gcc/x86_64-linux-gnu/4.8]
  ignore line: [Found candidate GCC installation: /usr/lib/gcc/x86_64-linux-gnu/4.8.5]
  ignore line: [Found candidate GCC installation: /usr/lib/gcc/x86_64-linux-gnu/5]
  ignore line: [Found candidate GCC installation: /usr/lib/gcc/x86_64-linux-gnu/5.5.0]
  ignore line: [Found candidate GCC installation: /usr/lib/gcc/x86_64-linux-gnu/7]
  ignore line: [Found candidate GCC installation: /usr/lib/gcc/x86_64-linux-gnu/7.3.0]
  ignore line: [Found candidate GCC installation: /usr/lib/gcc/x86_64-linux-gnu/8]
  ignore line: [Selected GCC installation: /usr/bin/../lib/gcc/x86_64-linux-gnu/7.3.0]
  ignore line: [Candidate multilib: .]
  ignore line: [@m64]
  ignore line: [Candidate multilib: 32]
  ignore line: [@m32]
  ignore line: [Candidate multilib: x32]
  ignore line: [@mx32]
  ignore line: [Selected multilib: .]
  ignore line: [@m64]
  ignore line: [ "/home/sina/Desktop/llvm-cs202/build/bin/clang-9" -cc1 -triple x86_64-unknown-linux-gnu -emit-obj -mrelax-all -disable-free -main-file-name CMakeCCompilerABI.c -mrelocation-model static -mthread-model posix -mdisable-fp-elim -fmath-errno -masm-verbose -mconstructor-aliases -munwind-tables -fuse-init-array -target-cpu x86-64 -dwarf-column-info -debugger-tuning=gdb -v -coverage-notes-file /home/sina/Desktop/llvm-cs202/HelloPass-LLVM/Pass/build/CMakeFiles/CMakeTmp/CMakeFiles/cmTC_7b83a.dir/CMakeCCompilerABI.c.gcno -resource-dir /home/sina/Desktop/llvm-cs202/build/lib/clang/9.0.0 -internal-isystem /usr/local/include -internal-isystem /home/sina/Desktop/llvm-cs202/build/lib/clang/9.0.0/include -internal-externc-isystem /usr/include/x86_64-linux-gnu -internal-externc-isystem /include -internal-externc-isystem /usr/include -fdebug-compilation-dir /home/sina/Desktop/llvm-cs202/HelloPass-LLVM/Pass/build/CMakeFiles/CMakeTmp -ferror-limit 19 -fmessage-length 0 -fobjc-runtime=gcc -fdiagnostics-show-option -o CMakeFiles/cmTC_7b83a.dir/CMakeCCompilerABI.c.o -x c /home/sina/Desktop/llvm-cs202/cmake-3.14.0-rc2/Modules/CMakeCCompilerABI.c -faddrsig]
  ignore line: [clang -cc1 version 9.0.0 based upon LLVM 9.0.0svn default target x86_64-unknown-linux-gnu]
  ignore line: [ignoring nonexistent directory "/include"]
  ignore line: [#include "..." search starts here:]
  ignore line: [#include <...> search starts here:]
  ignore line: [ /usr/local/include]
  ignore line: [ /home/sina/Desktop/llvm-cs202/build/lib/clang/9.0.0/include]
  ignore line: [ /usr/include/x86_64-linux-gnu]
  ignore line: [ /usr/include]
  ignore line: [End of search list.]
  ignore line: [Linking C executable cmTC_7b83a]
  ignore line: [/home/sina/Desktop/llvm-cs202/cmake-3.14.0-rc2/bin/cmake -E cmake_link_script CMakeFiles/cmTC_7b83a.dir/link.txt --verbose=1]
  ignore line: [/usr/bin/clang     -v -rdynamic CMakeFiles/cmTC_7b83a.dir/CMakeCCompilerABI.c.o  -o cmTC_7b83a ]
  ignore line: [clang version 9.0.0 (trunk 351520)]
  ignore line: [Target: x86_64-unknown-linux-gnu]
  ignore line: [Thread model: posix]
  ignore line: [InstalledDir: /usr/bin]
  ignore line: [Found candidate GCC installation: /usr/bin/../lib/gcc/x86_64-linux-gnu/4.8]
  ignore line: [Found candidate GCC installation: /usr/bin/../lib/gcc/x86_64-linux-gnu/4.8.5]
  ignore line: [Found candidate GCC installation: /usr/bin/../lib/gcc/x86_64-linux-gnu/5]
  ignore line: [Found candidate GCC installation: /usr/bin/../lib/gcc/x86_64-linux-gnu/5.5.0]
  ignore line: [Found candidate GCC installation: /usr/bin/../lib/gcc/x86_64-linux-gnu/7]
  ignore line: [Found candidate GCC installation: /usr/bin/../lib/gcc/x86_64-linux-gnu/7.3.0]
  ignore line: [Found candidate GCC installation: /usr/bin/../lib/gcc/x86_64-linux-gnu/8]
  ignore line: [Found candidate GCC installation: /usr/lib/gcc/x86_64-linux-gnu/4.8]
  ignore line: [Found candidate GCC installation: /usr/lib/gcc/x86_64-linux-gnu/4.8.5]
  ignore line: [Found candidate GCC installation: /usr/lib/gcc/x86_64-linux-gnu/5]
  ignore line: [Found candidate GCC installation: /usr/lib/gcc/x86_64-linux-gnu/5.5.0]
  ignore line: [Found candidate GCC installation: /usr/lib/gcc/x86_64-linux-gnu/7]
  ignore line: [Found candidate GCC installation: /usr/lib/gcc/x86_64-linux-gnu/7.3.0]
  ignore line: [Found candidate GCC installation: /usr/lib/gcc/x86_64-linux-gnu/8]
  ignore line: [Selected GCC installation: /usr/bin/../lib/gcc/x86_64-linux-gnu/7.3.0]
  ignore line: [Candidate multilib: .]
  ignore line: [@m64]
  ignore line: [Candidate multilib: 32]
  ignore line: [@m32]
  ignore line: [Candidate multilib: x32]
  ignore line: [@mx32]
  ignore line: [Selected multilib: .]
  ignore line: [@m64]
  link line: [ "/usr/bin/ld" -export-dynamic -z relro --hash-style=gnu --eh-frame-hdr -m elf_x86_64 -export-dynamic -dynamic-linker /lib64/ld-linux-x86-64.so.2 -o cmTC_7b83a /usr/bin/../lib/gcc/x86_64-linux-gnu/7.3.0/../../../x86_64-linux-gnu/crt1.o /usr/bin/../lib/gcc/x86_64-linux-gnu/7.3.0/../../../x86_64-linux-gnu/crti.o /usr/bin/../lib/gcc/x86_64-linux-gnu/7.3.0/crtbegin.o -L/usr/bin/../lib/gcc/x86_64-linux-gnu/7.3.0 -L/usr/bin/../lib/gcc/x86_64-linux-gnu/7.3.0/../../../x86_64-linux-gnu -L/lib/x86_64-linux-gnu -L/lib/../lib64 -L/usr/lib/x86_64-linux-gnu -L/usr/bin/../lib/gcc/x86_64-linux-gnu/7.3.0/../../.. -L/home/sina/Desktop/llvm-cs202/build/bin/../lib -L/lib -L/usr/lib CMakeFiles/cmTC_7b83a.dir/CMakeCCompilerABI.c.o -lgcc --as-needed -lgcc_s --no-as-needed -lc -lgcc --as-needed -lgcc_s --no-as-needed /usr/bin/../lib/gcc/x86_64-linux-gnu/7.3.0/crtend.o /usr/bin/../lib/gcc/x86_64-linux-gnu/7.3.0/../../../x86_64-linux-gnu/crtn.o]
    arg [/usr/bin/ld] ==> ignore
    arg [-export-dynamic] ==> ignore
    arg [-zrelro] ==> ignore
    arg [--hash-style=gnu] ==> ignore
    arg [--eh-frame-hdr] ==> ignore
    arg [-m] ==> ignore
    arg [elf_x86_64] ==> ignore
    arg [-export-dynamic] ==> ignore
    arg [-dynamic-linker] ==> ignore
    arg [/lib64/ld-linux-x86-64.so.2] ==> ignore
    arg [-o] ==> ignore
    arg [cmTC_7b83a] ==> ignore
    arg [/usr/bin/../lib/gcc/x86_64-linux-gnu/7.3.0/../../../x86_64-linux-gnu/crt1.o] ==> ignore
    arg [/usr/bin/../lib/gcc/x86_64-linux-gnu/7.3.0/../../../x86_64-linux-gnu/crti.o] ==> ignore
    arg [/usr/bin/../lib/gcc/x86_64-linux-gnu/7.3.0/crtbegin.o] ==> ignore
    arg [-L/usr/bin/../lib/gcc/x86_64-linux-gnu/7.3.0] ==> dir [/usr/bin/../lib/gcc/x86_64-linux-gnu/7.3.0]
    arg [-L/usr/bin/../lib/gcc/x86_64-linux-gnu/7.3.0/../../../x86_64-linux-gnu] ==> dir [/usr/bin/../lib/gcc/x86_64-linux-gnu/7.3.0/../../../x86_64-linux-gnu]
    arg [-L/lib/x86_64-linux-gnu] ==> dir [/lib/x86_64-linux-gnu]
    arg [-L/lib/../lib64] ==> dir [/lib/../lib64]
    arg [-L/usr/lib/x86_64-linux-gnu] ==> dir [/usr/lib/x86_64-linux-gnu]
    arg [-L/usr/bin/../lib/gcc/x86_64-linux-gnu/7.3.0/../../..] ==> dir [/usr/bin/../lib/gcc/x86_64-linux-gnu/7.3.0/../../..]
    arg [-L/home/sina/Desktop/llvm-cs202/build/bin/../lib] ==> dir [/home/sina/Desktop/llvm-cs202/build/bin/../lib]
    arg [-L/lib] ==> dir [/lib]
    arg [-L/usr/lib] ==> dir [/usr/lib]
    arg [CMakeFiles/cmTC_7b83a.dir/CMakeCCompilerABI.c.o] ==> ignore
    arg [-lgcc] ==> lib [gcc]
    arg [--as-needed] ==> ignore
    arg [-lgcc_s] ==> lib [gcc_s]
    arg [--no-as-needed] ==> ignore
    arg [-lc] ==> lib [c]
    arg [-lgcc] ==> lib [gcc]
    arg [--as-needed] ==> ignore
    arg [-lgcc_s] ==> lib [gcc_s]
    arg [--no-as-needed] ==> ignore
    arg [/usr/bin/../lib/gcc/x86_64-linux-gnu/7.3.0/crtend.o] ==> ignore
    arg [/usr/bin/../lib/gcc/x86_64-linux-gnu/7.3.0/../../../x86_64-linux-gnu/crtn.o] ==> ignore
  collapse library dir [/usr/bin/../lib/gcc/x86_64-linux-gnu/7.3.0] ==> [/usr/lib/gcc/x86_64-linux-gnu/7.3.0]
  collapse library dir [/usr/bin/../lib/gcc/x86_64-linux-gnu/7.3.0/../../../x86_64-linux-gnu] ==> [/usr/lib/x86_64-linux-gnu]
  collapse library dir [/lib/x86_64-linux-gnu] ==> [/lib/x86_64-linux-gnu]
  collapse library dir [/lib/../lib64] ==> [/lib64]
  collapse library dir [/usr/lib/x86_64-linux-gnu] ==> [/usr/lib/x86_64-linux-gnu]
  collapse library dir [/usr/bin/../lib/gcc/x86_64-linux-gnu/7.3.0/../../..] ==> [/usr/lib]
  collapse library dir [/home/sina/Desktop/llvm-cs202/build/bin/../lib] ==> [/home/sina/Desktop/llvm-cs202/build/lib]
  collapse library dir [/lib] ==> [/lib]
  collapse library dir [/usr/lib] ==> [/usr/lib]
  implicit libs: [gcc;gcc_s;c;gcc;gcc_s]
  implicit dirs: [/usr/lib/gcc/x86_64-linux-gnu/7.3.0;/usr/lib/x86_64-linux-gnu;/lib/x86_64-linux-gnu;/lib64;/usr/lib;/home/sina/Desktop/llvm-cs202/build/lib;/lib]
  implicit fwks: []




Detecting C [-std=c11] compiler features compiled with the following output:
Change Dir: /home/sina/Desktop/llvm-cs202/HelloPass-LLVM/Pass/build/CMakeFiles/CMakeTmp

Run Build Command(s):/usr/bin/make cmTC_3b0b9/fast 
/usr/bin/make -f CMakeFiles/cmTC_3b0b9.dir/build.make CMakeFiles/cmTC_3b0b9.dir/build
make[1]: Entering directory '/home/sina/Desktop/llvm-cs202/HelloPass-LLVM/Pass/build/CMakeFiles/CMakeTmp'
Building C object CMakeFiles/cmTC_3b0b9.dir/feature_tests.c.o
/usr/bin/clang   -std=c11 -o CMakeFiles/cmTC_3b0b9.dir/feature_tests.c.o   -c /home/sina/Desktop/llvm-cs202/HelloPass-LLVM/Pass/build/CMakeFiles/feature_tests.c
Linking C executable cmTC_3b0b9
/home/sina/Desktop/llvm-cs202/cmake-3.14.0-rc2/bin/cmake -E cmake_link_script CMakeFiles/cmTC_3b0b9.dir/link.txt --verbose=1
/usr/bin/clang      -rdynamic CMakeFiles/cmTC_3b0b9.dir/feature_tests.c.o  -o cmTC_3b0b9 
make[1]: Leaving directory '/home/sina/Desktop/llvm-cs202/HelloPass-LLVM/Pass/build/CMakeFiles/CMakeTmp'


    Feature record: C_FEATURE:1c_function_prototypes
    Feature record: C_FEATURE:1c_restrict
    Feature record: C_FEATURE:1c_static_assert
    Feature record: C_FEATURE:1c_variadic_macros


Detecting C [-std=c99] compiler features compiled with the following output:
Change Dir: /home/sina/Desktop/llvm-cs202/HelloPass-LLVM/Pass/build/CMakeFiles/CMakeTmp

Run Build Command(s):/usr/bin/make cmTC_d8b18/fast 
/usr/bin/make -f CMakeFiles/cmTC_d8b18.dir/build.make CMakeFiles/cmTC_d8b18.dir/build
make[1]: Entering directory '/home/sina/Desktop/llvm-cs202/HelloPass-LLVM/Pass/build/CMakeFiles/CMakeTmp'
Building C object CMakeFiles/cmTC_d8b18.dir/feature_tests.c.o
/usr/bin/clang   -std=c99 -o CMakeFiles/cmTC_d8b18.dir/feature_tests.c.o   -c /home/sina/Desktop/llvm-cs202/HelloPass-LLVM/Pass/build/CMakeFiles/feature_tests.c
Linking C executable cmTC_d8b18
/home/sina/Desktop/llvm-cs202/cmake-3.14.0-rc2/bin/cmake -E cmake_link_script CMakeFiles/cmTC_d8b18.dir/link.txt --verbose=1
/usr/bin/clang      -rdynamic CMakeFiles/cmTC_d8b18.dir/feature_tests.c.o  -o cmTC_d8b18 
make[1]: Leaving directory '/home/sina/Desktop/llvm-cs202/HelloPass-LLVM/Pass/build/CMakeFiles/CMakeTmp'


    Feature record: C_FEATURE:1c_function_prototypes
    Feature record: C_FEATURE:1c_restrict
    Feature record: C_FEATURE:0c_static_assert
    Feature record: C_FEATURE:1c_variadic_macros


Detecting C [-std=c90] compiler features compiled with the following output:
Change Dir: /home/sina/Desktop/llvm-cs202/HelloPass-LLVM/Pass/build/CMakeFiles/CMakeTmp

Run Build Command(s):/usr/bin/make cmTC_aa5fc/fast 
/usr/bin/make -f CMakeFiles/cmTC_aa5fc.dir/build.make CMakeFiles/cmTC_aa5fc.dir/build
make[1]: Entering directory '/home/sina/Desktop/llvm-cs202/HelloPass-LLVM/Pass/build/CMakeFiles/CMakeTmp'
Building C object CMakeFiles/cmTC_aa5fc.dir/feature_tests.c.o
/usr/bin/clang   -std=c90 -o CMakeFiles/cmTC_aa5fc.dir/feature_tests.c.o   -c /home/sina/Desktop/llvm-cs202/HelloPass-LLVM/Pass/build/CMakeFiles/feature_tests.c
Linking C executable cmTC_aa5fc
/home/sina/Desktop/llvm-cs202/cmake-3.14.0-rc2/bin/cmake -E cmake_link_script CMakeFiles/cmTC_aa5fc.dir/link.txt --verbose=1
/usr/bin/clang      -rdynamic CMakeFiles/cmTC_aa5fc.dir/feature_tests.c.o  -o cmTC_aa5fc 
make[1]: Leaving directory '/home/sina/Desktop/llvm-cs202/HelloPass-LLVM/Pass/build/CMakeFiles/CMakeTmp'


    Feature record: C_FEATURE:1c_function_prototypes
    Feature record: C_FEATURE:0c_restrict
    Feature record: C_FEATURE:0c_static_assert
    Feature record: C_FEATURE:0c_variadic_macros
Determining if the CXX compiler works passed with the following output:
Change Dir: /home/sina/Desktop/llvm-cs202/HelloPass-LLVM/Pass/build/CMakeFiles/CMakeTmp

Run Build Command(s):/usr/bin/make cmTC_b7821/fast 
/usr/bin/make -f CMakeFiles/cmTC_b7821.dir/build.make CMakeFiles/cmTC_b7821.dir/build
make[1]: Entering directory '/home/sina/Desktop/llvm-cs202/HelloPass-LLVM/Pass/build/CMakeFiles/CMakeTmp'
Building CXX object CMakeFiles/cmTC_b7821.dir/testCXXCompiler.cxx.o
/usr/bin/clang++     -o CMakeFiles/cmTC_b7821.dir/testCXXCompiler.cxx.o -c /home/sina/Desktop/llvm-cs202/HelloPass-LLVM/Pass/build/CMakeFiles/CMakeTmp/testCXXCompiler.cxx
Linking CXX executable cmTC_b7821
/home/sina/Desktop/llvm-cs202/cmake-3.14.0-rc2/bin/cmake -E cmake_link_script CMakeFiles/cmTC_b7821.dir/link.txt --verbose=1
/usr/bin/clang++       -rdynamic CMakeFiles/cmTC_b7821.dir/testCXXCompiler.cxx.o  -o cmTC_b7821 
make[1]: Leaving directory '/home/sina/Desktop/llvm-cs202/HelloPass-LLVM/Pass/build/CMakeFiles/CMakeTmp'


Detecting CXX compiler ABI info compiled with the following output:
Change Dir: /home/sina/Desktop/llvm-cs202/HelloPass-LLVM/Pass/build/CMakeFiles/CMakeTmp

Run Build Command(s):/usr/bin/make cmTC_3623d/fast 
/usr/bin/make -f CMakeFiles/cmTC_3623d.dir/build.make CMakeFiles/cmTC_3623d.dir/build
make[1]: Entering directory '/home/sina/Desktop/llvm-cs202/HelloPass-LLVM/Pass/build/CMakeFiles/CMakeTmp'
Building CXX object CMakeFiles/cmTC_3623d.dir/CMakeCXXCompilerABI.cpp.o
/usr/bin/clang++    -v -o CMakeFiles/cmTC_3623d.dir/CMakeCXXCompilerABI.cpp.o -c /home/sina/Desktop/llvm-cs202/cmake-3.14.0-rc2/Modules/CMakeCXXCompilerABI.cpp
clang version 9.0.0 (trunk 351520)
Target: x86_64-unknown-linux-gnu
Thread model: posix
InstalledDir: /usr/bin
Found candidate GCC installation: /usr/bin/../lib/gcc/x86_64-linux-gnu/4.8
Found candidate GCC installation: /usr/bin/../lib/gcc/x86_64-linux-gnu/4.8.5
Found candidate GCC installation: /usr/bin/../lib/gcc/x86_64-linux-gnu/5
Found candidate GCC installation: /usr/bin/../lib/gcc/x86_64-linux-gnu/5.5.0
Found candidate GCC installation: /usr/bin/../lib/gcc/x86_64-linux-gnu/7
Found candidate GCC installation: /usr/bin/../lib/gcc/x86_64-linux-gnu/7.3.0
Found candidate GCC installation: /usr/bin/../lib/gcc/x86_64-linux-gnu/8
Found candidate GCC installation: /usr/lib/gcc/x86_64-linux-gnu/4.8
Found candidate GCC installation: /usr/lib/gcc/x86_64-linux-gnu/4.8.5
Found candidate GCC installation: /usr/lib/gcc/x86_64-linux-gnu/5
Found candidate GCC installation: /usr/lib/gcc/x86_64-linux-gnu/5.5.0
Found candidate GCC installation: /usr/lib/gcc/x86_64-linux-gnu/7
Found candidate GCC installation: /usr/lib/gcc/x86_64-linux-gnu/7.3.0
Found candidate GCC installation: /usr/lib/gcc/x86_64-linux-gnu/8
Selected GCC installation: /usr/bin/../lib/gcc/x86_64-linux-gnu/7.3.0
Candidate multilib: .;@m64
Candidate multilib: 32;@m32
Candidate multilib: x32;@mx32
Selected multilib: .;@m64
 "/home/sina/Desktop/llvm-cs202/build/bin/clang-9" -cc1 -triple x86_64-unknown-linux-gnu -emit-obj -mrelax-all -disable-free -main-file-name CMakeCXXCompilerABI.cpp -mrelocation-model static -mthread-model posix -mdisable-fp-elim -fmath-errno -masm-verbose -mconstructor-aliases -munwind-tables -fuse-init-array -target-cpu x86-64 -dwarf-column-info -debugger-tuning=gdb -v -coverage-notes-file /home/sina/Desktop/llvm-cs202/HelloPass-LLVM/Pass/build/CMakeFiles/CMakeTmp/CMakeFiles/cmTC_3623d.dir/CMakeCXXCompilerABI.cpp.gcno -resource-dir /home/sina/Desktop/llvm-cs202/build/lib/clang/9.0.0 -internal-isystem /usr/bin/../lib/gcc/x86_64-linux-gnu/7.3.0/../../../../include/c++/7.3.0 -internal-isystem /usr/bin/../lib/gcc/x86_64-linux-gnu/7.3.0/../../../../include/x86_64-linux-gnu/c++/7.3.0 -internal-isystem /usr/bin/../lib/gcc/x86_64-linux-gnu/7.3.0/../../../../include/x86_64-linux-gnu/c++/7.3.0 -internal-isystem /usr/bin/../lib/gcc/x86_64-linux-gnu/7.3.0/../../../../include/c++/7.3.0/backward -internal-isystem /usr/local/include -internal-isystem /home/sina/Desktop/llvm-cs202/build/lib/clang/9.0.0/include -internal-externc-isystem /usr/include/x86_64-linux-gnu -internal-externc-isystem /include -internal-externc-isystem /usr/include -fdeprecated-macro -fdebug-compilation-dir /home/sina/Desktop/llvm-cs202/HelloPass-LLVM/Pass/build/CMakeFiles/CMakeTmp -ferror-limit 19 -fmessage-length 0 -fobjc-runtime=gcc -fcxx-exceptions -fexceptions -fdiagnostics-show-option -o CMakeFiles/cmTC_3623d.dir/CMakeCXXCompilerABI.cpp.o -x c++ /home/sina/Desktop/llvm-cs202/cmake-3.14.0-rc2/Modules/CMakeCXXCompilerABI.cpp -faddrsig
clang -cc1 version 9.0.0 based upon LLVM 9.0.0svn default target x86_64-unknown-linux-gnu
ignoring nonexistent directory "/include"
ignoring duplicate directory "/usr/bin/../lib/gcc/x86_64-linux-gnu/7.3.0/../../../../include/x86_64-linux-gnu/c++/7.3.0"
#include "..." search starts here:
#include <...> search starts here:
 /usr/bin/../lib/gcc/x86_64-linux-gnu/7.3.0/../../../../include/c++/7.3.0
 /usr/bin/../lib/gcc/x86_64-linux-gnu/7.3.0/../../../../include/x86_64-linux-gnu/c++/7.3.0
 /usr/bin/../lib/gcc/x86_64-linux-gnu/7.3.0/../../../../include/c++/7.3.0/backward
 /usr/local/include
 /home/sina/Desktop/llvm-cs202/build/lib/clang/9.0.0/include
 /usr/include/x86_64-linux-gnu
 /usr/include
End of search list.
Linking CXX executable cmTC_3623d
/home/sina/Desktop/llvm-cs202/cmake-3.14.0-rc2/bin/cmake -E cmake_link_script CMakeFiles/cmTC_3623d.dir/link.txt --verbose=1
/usr/bin/clang++      -v -rdynamic CMakeFiles/cmTC_3623d.dir/CMakeCXXCompilerABI.cpp.o  -o cmTC_3623d 
clang version 9.0.0 (trunk 351520)
Target: x86_64-unknown-linux-gnu
Thread model: posix
InstalledDir: /usr/bin
Found candidate GCC installation: /usr/bin/../lib/gcc/x86_64-linux-gnu/4.8
Found candidate GCC installation: /usr/bin/../lib/gcc/x86_64-linux-gnu/4.8.5
Found candidate GCC installation: /usr/bin/../lib/gcc/x86_64-linux-gnu/5
Found candidate GCC installation: /usr/bin/../lib/gcc/x86_64-linux-gnu/5.5.0
Found candidate GCC installation: /usr/bin/../lib/gcc/x86_64-linux-gnu/7
Found candidate GCC installation: /usr/bin/../lib/gcc/x86_64-linux-gnu/7.3.0
Found candidate GCC installation: /usr/bin/../lib/gcc/x86_64-linux-gnu/8
Found candidate GCC installation: /usr/lib/gcc/x86_64-linux-gnu/4.8
Found candidate GCC installation: /usr/lib/gcc/x86_64-linux-gnu/4.8.5
Found candidate GCC installation: /usr/lib/gcc/x86_64-linux-gnu/5
Found candidate GCC installation: /usr/lib/gcc/x86_64-linux-gnu/5.5.0
Found candidate GCC installation: /usr/lib/gcc/x86_64-linux-gnu/7
Found candidate GCC installation: /usr/lib/gcc/x86_64-linux-gnu/7.3.0
Found candidate GCC installation: /usr/lib/gcc/x86_64-linux-gnu/8
Selected GCC installation: /usr/bin/../lib/gcc/x86_64-linux-gnu/7.3.0
Candidate multilib: .;@m64
Candidate multilib: 32;@m32
Candidate multilib: x32;@mx32
Selected multilib: .;@m64
 "/usr/bin/ld" -export-dynamic -z relro --hash-style=gnu --eh-frame-hdr -m elf_x86_64 -export-dynamic -dynamic-linker /lib64/ld-linux-x86-64.so.2 -o cmTC_3623d /usr/bin/../lib/gcc/x86_64-linux-gnu/7.3.0/../../../x86_64-linux-gnu/crt1.o /usr/bin/../lib/gcc/x86_64-linux-gnu/7.3.0/../../../x86_64-linux-gnu/crti.o /usr/bin/../lib/gcc/x86_64-linux-gnu/7.3.0/crtbegin.o -L/usr/bin/../lib/gcc/x86_64-linux-gnu/7.3.0 -L/usr/bin/../lib/gcc/x86_64-linux-gnu/7.3.0/../../../x86_64-linux-gnu -L/lib/x86_64-linux-gnu -L/lib/../lib64 -L/usr/lib/x86_64-linux-gnu -L/usr/bin/../lib/gcc/x86_64-linux-gnu/7.3.0/../../.. -L/home/sina/Desktop/llvm-cs202/build/bin/../lib -L/lib -L/usr/lib CMakeFiles/cmTC_3623d.dir/CMakeCXXCompilerABI.cpp.o -lstdc++ -lm -lgcc_s -lgcc -lc -lgcc_s -lgcc /usr/bin/../lib/gcc/x86_64-linux-gnu/7.3.0/crtend.o /usr/bin/../lib/gcc/x86_64-linux-gnu/7.3.0/../../../x86_64-linux-gnu/crtn.o
make[1]: Leaving directory '/home/sina/Desktop/llvm-cs202/HelloPass-LLVM/Pass/build/CMakeFiles/CMakeTmp'


Parsed CXX implicit include dir info from above output: rv=done
  found start of include info
  found start of implicit include info
    add: [/usr/bin/../lib/gcc/x86_64-linux-gnu/7.3.0/../../../../include/c++/7.3.0]
    add: [/usr/bin/../lib/gcc/x86_64-linux-gnu/7.3.0/../../../../include/x86_64-linux-gnu/c++/7.3.0]
    add: [/usr/bin/../lib/gcc/x86_64-linux-gnu/7.3.0/../../../../include/c++/7.3.0/backward]
    add: [/usr/local/include]
    add: [/home/sina/Desktop/llvm-cs202/build/lib/clang/9.0.0/include]
    add: [/usr/include/x86_64-linux-gnu]
    add: [/usr/include]
  end of search list found
  implicit include dirs: [/usr/bin/../lib/gcc/x86_64-linux-gnu/7.3.0/../../../../include/c++/7.3.0;/usr/bin/../lib/gcc/x86_64-linux-gnu/7.3.0/../../../../include/x86_64-linux-gnu/c++/7.3.0;/usr/bin/../lib/gcc/x86_64-linux-gnu/7.3.0/../../../../include/c++/7.3.0/backward;/usr/local/include;/home/sina/Desktop/llvm-cs202/build/lib/clang/9.0.0/include;/usr/include/x86_64-linux-gnu;/usr/include]


Parsed CXX implicit link information from above output:
  link line regex: [^( *|.*[/\])(ld|CMAKE_LINK_STARTFILE-NOTFOUND|([^/\]+-)?ld|collect2)[^/\]*( |$)]
  ignore line: [Change Dir: /home/sina/Desktop/llvm-cs202/HelloPass-LLVM/Pass/build/CMakeFiles/CMakeTmp]
  ignore line: []
  ignore line: [Run Build Command(s):/usr/bin/make cmTC_3623d/fast ]
  ignore line: [/usr/bin/make -f CMakeFiles/cmTC_3623d.dir/build.make CMakeFiles/cmTC_3623d.dir/build]
  ignore line: [make[1]: Entering directory '/home/sina/Desktop/llvm-cs202/HelloPass-LLVM/Pass/build/CMakeFiles/CMakeTmp']
  ignore line: [Building CXX object CMakeFiles/cmTC_3623d.dir/CMakeCXXCompilerABI.cpp.o]
  ignore line: [/usr/bin/clang++    -v -o CMakeFiles/cmTC_3623d.dir/CMakeCXXCompilerABI.cpp.o -c /home/sina/Desktop/llvm-cs202/cmake-3.14.0-rc2/Modules/CMakeCXXCompilerABI.cpp]
  ignore line: [clang version 9.0.0 (trunk 351520)]
  ignore line: [Target: x86_64-unknown-linux-gnu]
  ignore line: [Thread model: posix]
  ignore line: [InstalledDir: /usr/bin]
  ignore line: [Found candidate GCC installation: /usr/bin/../lib/gcc/x86_64-linux-gnu/4.8]
  ignore line: [Found candidate GCC installation: /usr/bin/../lib/gcc/x86_64-linux-gnu/4.8.5]
  ignore line: [Found candidate GCC installation: /usr/bin/../lib/gcc/x86_64-linux-gnu/5]
  ignore line: [Found candidate GCC installation: /usr/bin/../lib/gcc/x86_64-linux-gnu/5.5.0]
  ignore line: [Found candidate GCC installation: /usr/bin/../lib/gcc/x86_64-linux-gnu/7]
  ignore line: [Found candidate GCC installation: /usr/bin/../lib/gcc/x86_64-linux-gnu/7.3.0]
  ignore line: [Found candidate GCC installation: /usr/bin/../lib/gcc/x86_64-linux-gnu/8]
  ignore line: [Found candidate GCC installation: /usr/lib/gcc/x86_64-linux-gnu/4.8]
  ignore line: [Found candidate GCC installation: /usr/lib/gcc/x86_64-linux-gnu/4.8.5]
  ignore line: [Found candidate GCC installation: /usr/lib/gcc/x86_64-linux-gnu/5]
  ignore line: [Found candidate GCC installation: /usr/lib/gcc/x86_64-linux-gnu/5.5.0]
  ignore line: [Found candidate GCC installation: /usr/lib/gcc/x86_64-linux-gnu/7]
  ignore line: [Found candidate GCC installation: /usr/lib/gcc/x86_64-linux-gnu/7.3.0]
  ignore line: [Found candidate GCC installation: /usr/lib/gcc/x86_64-linux-gnu/8]
  ignore line: [Selected GCC installation: /usr/bin/../lib/gcc/x86_64-linux-gnu/7.3.0]
  ignore line: [Candidate multilib: .]
  ignore line: [@m64]
  ignore line: [Candidate multilib: 32]
  ignore line: [@m32]
  ignore line: [Candidate multilib: x32]
  ignore line: [@mx32]
  ignore line: [Selected multilib: .]
  ignore line: [@m64]
  ignore line: [ "/home/sina/Desktop/llvm-cs202/build/bin/clang-9" -cc1 -triple x86_64-unknown-linux-gnu -emit-obj -mrelax-all -disable-free -main-file-name CMakeCXXCompilerABI.cpp -mrelocation-model static -mthread-model posix -mdisable-fp-elim -fmath-errno -masm-verbose -mconstructor-aliases -munwind-tables -fuse-init-array -target-cpu x86-64 -dwarf-column-info -debugger-tuning=gdb -v -coverage-notes-file /home/sina/Desktop/llvm-cs202/HelloPass-LLVM/Pass/build/CMakeFiles/CMakeTmp/CMakeFiles/cmTC_3623d.dir/CMakeCXXCompilerABI.cpp.gcno -resource-dir /home/sina/Desktop/llvm-cs202/build/lib/clang/9.0.0 -internal-isystem /usr/bin/../lib/gcc/x86_64-linux-gnu/7.3.0/../../../../include/c++/7.3.0 -internal-isystem /usr/bin/../lib/gcc/x86_64-linux-gnu/7.3.0/../../../../include/x86_64-linux-gnu/c++/7.3.0 -internal-isystem /usr/bin/../lib/gcc/x86_64-linux-gnu/7.3.0/../../../../include/x86_64-linux-gnu/c++/7.3.0 -internal-isystem /usr/bin/../lib/gcc/x86_64-linux-gnu/7.3.0/../../../../include/c++/7.3.0/backward -internal-isystem /usr/local/include -internal-isystem /home/sina/Desktop/llvm-cs202/build/lib/clang/9.0.0/include -internal-externc-isystem /usr/include/x86_64-linux-gnu -internal-externc-isystem /include -internal-externc-isystem /usr/include -fdeprecated-macro -fdebug-compilation-dir /home/sina/Desktop/llvm-cs202/HelloPass-LLVM/Pass/build/CMakeFiles/CMakeTmp -ferror-limit 19 -fmessage-length 0 -fobjc-runtime=gcc -fcxx-exceptions -fexceptions -fdiagnostics-show-option -o CMakeFiles/cmTC_3623d.dir/CMakeCXXCompilerABI.cpp.o -x c++ /home/sina/Desktop/llvm-cs202/cmake-3.14.0-rc2/Modules/CMakeCXXCompilerABI.cpp -faddrsig]
  ignore line: [clang -cc1 version 9.0.0 based upon LLVM 9.0.0svn default target x86_64-unknown-linux-gnu]
  ignore line: [ignoring nonexistent directory "/include"]
  ignore line: [ignoring duplicate directory "/usr/bin/../lib/gcc/x86_64-linux-gnu/7.3.0/../../../../include/x86_64-linux-gnu/c++/7.3.0"]
  ignore line: [#include "..." search starts here:]
  ignore line: [#include <...> search starts here:]
  ignore line: [ /usr/bin/../lib/gcc/x86_64-linux-gnu/7.3.0/../../../../include/c++/7.3.0]
  ignore line: [ /usr/bin/../lib/gcc/x86_64-linux-gnu/7.3.0/../../../../include/x86_64-linux-gnu/c++/7.3.0]
  ignore line: [ /usr/bin/../lib/gcc/x86_64-linux-gnu/7.3.0/../../../../include/c++/7.3.0/backward]
  ignore line: [ /usr/local/include]
  ignore line: [ /home/sina/Desktop/llvm-cs202/build/lib/clang/9.0.0/include]
  ignore line: [ /usr/include/x86_64-linux-gnu]
  ignore line: [ /usr/include]
  ignore line: [End of search list.]
  ignore line: [Linking CXX executable cmTC_3623d]
  ignore line: [/home/sina/Desktop/llvm-cs202/cmake-3.14.0-rc2/bin/cmake -E cmake_link_script CMakeFiles/cmTC_3623d.dir/link.txt --verbose=1]
  ignore line: [/usr/bin/clang++      -v -rdynamic CMakeFiles/cmTC_3623d.dir/CMakeCXXCompilerABI.cpp.o  -o cmTC_3623d ]
  ignore line: [clang version 9.0.0 (trunk 351520)]
  ignore line: [Target: x86_64-unknown-linux-gnu]
  ignore line: [Thread model: posix]
  ignore line: [InstalledDir: /usr/bin]
  ignore line: [Found candidate GCC installation: /usr/bin/../lib/gcc/x86_64-linux-gnu/4.8]
  ignore line: [Found candidate GCC installation: /usr/bin/../lib/gcc/x86_64-linux-gnu/4.8.5]
  ignore line: [Found candidate GCC installation: /usr/bin/../lib/gcc/x86_64-linux-gnu/5]
  ignore line: [Found candidate GCC installation: /usr/bin/../lib/gcc/x86_64-linux-gnu/5.5.0]
  ignore line: [Found candidate GCC installation: /usr/bin/../lib/gcc/x86_64-linux-gnu/7]
  ignore line: [Found candidate GCC installation: /usr/bin/../lib/gcc/x86_64-linux-gnu/7.3.0]
  ignore line: [Found candidate GCC installation: /usr/bin/../lib/gcc/x86_64-linux-gnu/8]
  ignore line: [Found candidate GCC installation: /usr/lib/gcc/x86_64-linux-gnu/4.8]
  ignore line: [Found candidate GCC installation: /usr/lib/gcc/x86_64-linux-gnu/4.8.5]
  ignore line: [Found candidate GCC installation: /usr/lib/gcc/x86_64-linux-gnu/5]
  ignore line: [Found candidate GCC installation: /usr/lib/gcc/x86_64-linux-gnu/5.5.0]
  ignore line: [Found candidate GCC installation: /usr/lib/gcc/x86_64-linux-gnu/7]
  ignore line: [Found candidate GCC installation: /usr/lib/gcc/x86_64-linux-gnu/7.3.0]
  ignore line: [Found candidate GCC installation: /usr/lib/gcc/x86_64-linux-gnu/8]
  ignore line: [Selected GCC installation: /usr/bin/../lib/gcc/x86_64-linux-gnu/7.3.0]
  ignore line: [Candidate multilib: .]
  ignore line: [@m64]
  ignore line: [Candidate multilib: 32]
  ignore line: [@m32]
  ignore line: [Candidate multilib: x32]
  ignore line: [@mx32]
  ignore line: [Selected multilib: .]
  ignore line: [@m64]
  link line: [ "/usr/bin/ld" -export-dynamic -z relro --hash-style=gnu --eh-frame-hdr -m elf_x86_64 -export-dynamic -dynamic-linker /lib64/ld-linux-x86-64.so.2 -o cmTC_3623d /usr/bin/../lib/gcc/x86_64-linux-gnu/7.3.0/../../../x86_64-linux-gnu/crt1.o /usr/bin/../lib/gcc/x86_64-linux-gnu/7.3.0/../../../x86_64-linux-gnu/crti.o /usr/bin/../lib/gcc/x86_64-linux-gnu/7.3.0/crtbegin.o -L/usr/bin/../lib/gcc/x86_64-linux-gnu/7.3.0 -L/usr/bin/../lib/gcc/x86_64-linux-gnu/7.3.0/../../../x86_64-linux-gnu -L/lib/x86_64-linux-gnu -L/lib/../lib64 -L/usr/lib/x86_64-linux-gnu -L/usr/bin/../lib/gcc/x86_64-linux-gnu/7.3.0/../../.. -L/home/sina/Desktop/llvm-cs202/build/bin/../lib -L/lib -L/usr/lib CMakeFiles/cmTC_3623d.dir/CMakeCXXCompilerABI.cpp.o -lstdc++ -lm -lgcc_s -lgcc -lc -lgcc_s -lgcc /usr/bin/../lib/gcc/x86_64-linux-gnu/7.3.0/crtend.o /usr/bin/../lib/gcc/x86_64-linux-gnu/7.3.0/../../../x86_64-linux-gnu/crtn.o]
    arg [/usr/bin/ld] ==> ignore
    arg [-export-dynamic] ==> ignore
    arg [-zrelro] ==> ignore
    arg [--hash-style=gnu] ==> ignore
    arg [--eh-frame-hdr] ==> ignore
    arg [-m] ==> ignore
    arg [elf_x86_64] ==> ignore
    arg [-export-dynamic] ==> ignore
    arg [-dynamic-linker] ==> ignore
    arg [/lib64/ld-linux-x86-64.so.2] ==> ignore
    arg [-o] ==> ignore
    arg [cmTC_3623d] ==> ignore
    arg [/usr/bin/../lib/gcc/x86_64-linux-gnu/7.3.0/../../../x86_64-linux-gnu/crt1.o] ==> ignore
    arg [/usr/bin/../lib/gcc/x86_64-linux-gnu/7.3.0/../../../x86_64-linux-gnu/crti.o] ==> ignore
    arg [/usr/bin/../lib/gcc/x86_64-linux-gnu/7.3.0/crtbegin.o] ==> ignore
    arg [-L/usr/bin/../lib/gcc/x86_64-linux-gnu/7.3.0] ==> dir [/usr/bin/../lib/gcc/x86_64-linux-gnu/7.3.0]
    arg [-L/usr/bin/../lib/gcc/x86_64-linux-gnu/7.3.0/../../../x86_64-linux-gnu] ==> dir [/usr/bin/../lib/gcc/x86_64-linux-gnu/7.3.0/../../../x86_64-linux-gnu]
    arg [-L/lib/x86_64-linux-gnu] ==> dir [/lib/x86_64-linux-gnu]
    arg [-L/lib/../lib64] ==> dir [/lib/../lib64]
    arg [-L/usr/lib/x86_64-linux-gnu] ==> dir [/usr/lib/x86_64-linux-gnu]
    arg [-L/usr/bin/../lib/gcc/x86_64-linux-gnu/7.3.0/../../..] ==> dir [/usr/bin/../lib/gcc/x86_64-linux-gnu/7.3.0/../../..]
    arg [-L/home/sina/Desktop/llvm-cs202/build/bin/../lib] ==> dir [/home/sina/Desktop/llvm-cs202/build/bin/../lib]
    arg [-L/lib] ==> dir [/lib]
    arg [-L/usr/lib] ==> dir [/usr/lib]
    arg [CMakeFiles/cmTC_3623d.dir/CMakeCXXCompilerABI.cpp.o] ==> ignore
    arg [-lstdc++] ==> lib [stdc++]
    arg [-lm] ==> lib [m]
    arg [-lgcc_s] ==> lib [gcc_s]
    arg [-lgcc] ==> lib [gcc]
    arg [-lc] ==> lib [c]
    arg [-lgcc_s] ==> lib [gcc_s]
    arg [-lgcc] ==> lib [gcc]
    arg [/usr/bin/../lib/gcc/x86_64-linux-gnu/7.3.0/crtend.o] ==> ignore
    arg [/usr/bin/../lib/gcc/x86_64-linux-gnu/7.3.0/../../../x86_64-linux-gnu/crtn.o] ==> ignore
  collapse library dir [/usr/bin/../lib/gcc/x86_64-linux-gnu/7.3.0] ==> [/usr/lib/gcc/x86_64-linux-gnu/7.3.0]
  collapse library dir [/usr/bin/../lib/gcc/x86_64-linux-gnu/7.3.0/../../../x86_64-linux-gnu] ==> [/usr/lib/x86_64-linux-gnu]
  collapse library dir [/lib/x86_64-linux-gnu] ==> [/lib/x86_64-linux-gnu]
  collapse library dir [/lib/../lib64] ==> [/lib64]
  collapse library dir [/usr/lib/x86_64-linux-gnu] ==> [/usr/lib/x86_64-linux-gnu]
  collapse library dir [/usr/bin/../lib/gcc/x86_64-linux-gnu/7.3.0/../../..] ==> [/usr/lib]
  collapse library dir [/home/sina/Desktop/llvm-cs202/build/bin/../lib] ==> [/home/sina/Desktop/llvm-cs202/build/lib]
  collapse library dir [/lib] ==> [/lib]
  collapse library dir [/usr/lib] ==> [/usr/lib]
  implicit libs: [stdc++;m;gcc_s;gcc;c;gcc_s;gcc]
  implicit dirs: [/usr/lib/gcc/x86_64-linux-gnu/7.3.0;/usr/lib/x86_64-linux-gnu;/lib/x86_64-linux-gnu;/lib64;/usr/lib;/home/sina/Desktop/llvm-cs202/build/lib;/lib]
  implicit fwks: []




Detecting CXX [-std=c++2a] compiler features compiled with the following output:
Change Dir: /home/sina/Desktop/llvm-cs202/HelloPass-LLVM/Pass/build/CMakeFiles/CMakeTmp

Run Build Command(s):/usr/bin/make cmTC_0cf17/fast 
/usr/bin/make -f CMakeFiles/cmTC_0cf17.dir/build.make CMakeFiles/cmTC_0cf17.dir/build
make[1]: Entering directory '/home/sina/Desktop/llvm-cs202/HelloPass-LLVM/Pass/build/CMakeFiles/CMakeTmp'
Building CXX object CMakeFiles/cmTC_0cf17.dir/feature_tests.cxx.o
/usr/bin/clang++    -std=c++2a -o CMakeFiles/cmTC_0cf17.dir/feature_tests.cxx.o -c /home/sina/Desktop/llvm-cs202/HelloPass-LLVM/Pass/build/CMakeFiles/feature_tests.cxx
Linking CXX executable cmTC_0cf17
/home/sina/Desktop/llvm-cs202/cmake-3.14.0-rc2/bin/cmake -E cmake_link_script CMakeFiles/cmTC_0cf17.dir/link.txt --verbose=1
/usr/bin/clang++       -rdynamic CMakeFiles/cmTC_0cf17.dir/feature_tests.cxx.o  -o cmTC_0cf17 
make[1]: Leaving directory '/home/sina/Desktop/llvm-cs202/HelloPass-LLVM/Pass/build/CMakeFiles/CMakeTmp'


    Feature record: CXX_FEATURE:1cxx_aggregate_default_initializers
    Feature record: CXX_FEATURE:1cxx_alias_templates
    Feature record: CXX_FEATURE:1cxx_alignas
    Feature record: CXX_FEATURE:1cxx_alignof
    Feature record: CXX_FEATURE:1cxx_attributes
    Feature record: CXX_FEATURE:1cxx_attribute_deprecated
    Feature record: CXX_FEATURE:1cxx_auto_type
    Feature record: CXX_FEATURE:1cxx_binary_literals
    Feature record: CXX_FEATURE:1cxx_constexpr
    Feature record: CXX_FEATURE:1cxx_contextual_conversions
    Feature record: CXX_FEATURE:1cxx_decltype
    Feature record: CXX_FEATURE:1cxx_decltype_auto
    Feature record: CXX_FEATURE:1cxx_decltype_incomplete_return_types
    Feature record: CXX_FEATURE:1cxx_default_function_template_args
    Feature record: CXX_FEATURE:1cxx_defaulted_functions
    Feature record: CXX_FEATURE:1cxx_defaulted_move_initializers
    Feature record: CXX_FEATURE:1cxx_delegating_constructors
    Feature record: CXX_FEATURE:1cxx_deleted_functions
    Feature record: CXX_FEATURE:1cxx_digit_separators
    Feature record: CXX_FEATURE:1cxx_enum_forward_declarations
    Feature record: CXX_FEATURE:1cxx_explicit_conversions
    Feature record: CXX_FEATURE:1cxx_extended_friend_declarations
    Feature record: CXX_FEATURE:1cxx_extern_templates
    Feature record: CXX_FEATURE:1cxx_final
    Feature record: CXX_FEATURE:1cxx_func_identifier
    Feature record: CXX_FEATURE:1cxx_generalized_initializers
    Feature record: CXX_FEATURE:1cxx_generic_lambdas
    Feature record: CXX_FEATURE:1cxx_inheriting_constructors
    Feature record: CXX_FEATURE:1cxx_inline_namespaces
    Feature record: CXX_FEATURE:1cxx_lambdas
    Feature record: CXX_FEATURE:1cxx_lambda_init_captures
    Feature record: CXX_FEATURE:1cxx_local_type_template_args
    Feature record: CXX_FEATURE:1cxx_long_long_type
    Feature record: CXX_FEATURE:1cxx_noexcept
    Feature record: CXX_FEATURE:1cxx_nonstatic_member_init
    Feature record: CXX_FEATURE:1cxx_nullptr
    Feature record: CXX_FEATURE:1cxx_override
    Feature record: CXX_FEATURE:1cxx_range_for
    Feature record: CXX_FEATURE:1cxx_raw_string_literals
    Feature record: CXX_FEATURE:1cxx_reference_qualified_functions
    Feature record: CXX_FEATURE:1cxx_relaxed_constexpr
    Feature record: CXX_FEATURE:1cxx_return_type_deduction
    Feature record: CXX_FEATURE:1cxx_right_angle_brackets
    Feature record: CXX_FEATURE:1cxx_rvalue_references
    Feature record: CXX_FEATURE:1cxx_sizeof_member
    Feature record: CXX_FEATURE:1cxx_static_assert
    Feature record: CXX_FEATURE:1cxx_strong_enums
    Feature record: CXX_FEATURE:1cxx_template_template_parameters
    Feature record: CXX_FEATURE:1cxx_thread_local
    Feature record: CXX_FEATURE:1cxx_trailing_return_types
    Feature record: CXX_FEATURE:1cxx_unicode_literals
    Feature record: CXX_FEATURE:1cxx_uniform_initialization
    Feature record: CXX_FEATURE:1cxx_unrestricted_unions
    Feature record: CXX_FEATURE:1cxx_user_literals
    Feature record: CXX_FEATURE:1cxx_variable_templates
    Feature record: CXX_FEATURE:1cxx_variadic_macros
    Feature record: CXX_FEATURE:1cxx_variadic_templates


Detecting CXX [-std=c++17] compiler features compiled with the following output:
Change Dir: /home/sina/Desktop/llvm-cs202/HelloPass-LLVM/Pass/build/CMakeFiles/CMakeTmp

Run Build Command(s):/usr/bin/make cmTC_a4c40/fast 
/usr/bin/make -f CMakeFiles/cmTC_a4c40.dir/build.make CMakeFiles/cmTC_a4c40.dir/build
make[1]: Entering directory '/home/sina/Desktop/llvm-cs202/HelloPass-LLVM/Pass/build/CMakeFiles/CMakeTmp'
Building CXX object CMakeFiles/cmTC_a4c40.dir/feature_tests.cxx.o
/usr/bin/clang++    -std=c++17 -o CMakeFiles/cmTC_a4c40.dir/feature_tests.cxx.o -c /home/sina/Desktop/llvm-cs202/HelloPass-LLVM/Pass/build/CMakeFiles/feature_tests.cxx
Linking CXX executable cmTC_a4c40
/home/sina/Desktop/llvm-cs202/cmake-3.14.0-rc2/bin/cmake -E cmake_link_script CMakeFiles/cmTC_a4c40.dir/link.txt --verbose=1
/usr/bin/clang++       -rdynamic CMakeFiles/cmTC_a4c40.dir/feature_tests.cxx.o  -o cmTC_a4c40 
make[1]: Leaving directory '/home/sina/Desktop/llvm-cs202/HelloPass-LLVM/Pass/build/CMakeFiles/CMakeTmp'


    Feature record: CXX_FEATURE:1cxx_aggregate_default_initializers
    Feature record: CXX_FEATURE:1cxx_alias_templates
    Feature record: CXX_FEATURE:1cxx_alignas
    Feature record: CXX_FEATURE:1cxx_alignof
    Feature record: CXX_FEATURE:1cxx_attributes
    Feature record: CXX_FEATURE:1cxx_attribute_deprecated
    Feature record: CXX_FEATURE:1cxx_auto_type
    Feature record: CXX_FEATURE:1cxx_binary_literals
    Feature record: CXX_FEATURE:1cxx_constexpr
    Feature record: CXX_FEATURE:1cxx_contextual_conversions
    Feature record: CXX_FEATURE:1cxx_decltype
    Feature record: CXX_FEATURE:1cxx_decltype_auto
    Feature record: CXX_FEATURE:1cxx_decltype_incomplete_return_types
    Feature record: CXX_FEATURE:1cxx_default_function_template_args
    Feature record: CXX_FEATURE:1cxx_defaulted_functions
    Feature record: CXX_FEATURE:1cxx_defaulted_move_initializers
    Feature record: CXX_FEATURE:1cxx_delegating_constructors
    Feature record: CXX_FEATURE:1cxx_deleted_functions
    Feature record: CXX_FEATURE:1cxx_digit_separators
    Feature record: CXX_FEATURE:1cxx_enum_forward_declarations
    Feature record: CXX_FEATURE:1cxx_explicit_conversions
    Feature record: CXX_FEATURE:1cxx_extended_friend_declarations
    Feature record: CXX_FEATURE:1cxx_extern_templates
    Feature record: CXX_FEATURE:1cxx_final
    Feature record: CXX_FEATURE:1cxx_func_identifier
    Feature record: CXX_FEATURE:1cxx_generalized_initializers
    Feature record: CXX_FEATURE:1cxx_generic_lambdas
    Feature record: CXX_FEATURE:1cxx_inheriting_constructors
    Feature record: CXX_FEATURE:1cxx_inline_namespaces
    Feature record: CXX_FEATURE:1cxx_lambdas
    Feature record: CXX_FEATURE:1cxx_lambda_init_captures
    Feature record: CXX_FEATURE:1cxx_local_type_template_args
    Feature record: CXX_FEATURE:1cxx_long_long_type
    Feature record: CXX_FEATURE:1cxx_noexcept
    Feature record: CXX_FEATURE:1cxx_nonstatic_member_init
    Feature record: CXX_FEATURE:1cxx_nullptr
    Feature record: CXX_FEATURE:1cxx_override
    Feature record: CXX_FEATURE:1cxx_range_for
    Feature record: CXX_FEATURE:1cxx_raw_string_literals
    Feature record: CXX_FEATURE:1cxx_reference_qualified_functions
    Feature record: CXX_FEATURE:1cxx_relaxed_constexpr
    Feature record: CXX_FEATURE:1cxx_return_type_deduction
    Feature record: CXX_FEATURE:1cxx_right_angle_brackets
    Feature record: CXX_FEATURE:1cxx_rvalue_references
    Feature record: CXX_FEATURE:1cxx_sizeof_member
    Feature record: CXX_FEATURE:1cxx_static_assert
    Feature record: CXX_FEATURE:1cxx_strong_enums
    Feature record: CXX_FEATURE:1cxx_template_template_parameters
    Feature record: CXX_FEATURE:1cxx_thread_local
    Feature record: CXX_FEATURE:1cxx_trailing_return_types
    Feature record: CXX_FEATURE:1cxx_unicode_literals
    Feature record: CXX_FEATURE:1cxx_uniform_initialization
    Feature record: CXX_FEATURE:1cxx_unrestricted_unions
    Feature record: CXX_FEATURE:1cxx_user_literals
    Feature record: CXX_FEATURE:1cxx_variable_templates
    Feature record: CXX_FEATURE:1cxx_variadic_macros
    Feature record: CXX_FEATURE:1cxx_variadic_templates


Detecting CXX [-std=c++14] compiler features compiled with the following output:
Change Dir: /home/sina/Desktop/llvm-cs202/HelloPass-LLVM/Pass/build/CMakeFiles/CMakeTmp

Run Build Command(s):/usr/bin/make cmTC_1e532/fast 
/usr/bin/make -f CMakeFiles/cmTC_1e532.dir/build.make CMakeFiles/cmTC_1e532.dir/build
make[1]: Entering directory '/home/sina/Desktop/llvm-cs202/HelloPass-LLVM/Pass/build/CMakeFiles/CMakeTmp'
Building CXX object CMakeFiles/cmTC_1e532.dir/feature_tests.cxx.o
/usr/bin/clang++    -std=c++14 -o CMakeFiles/cmTC_1e532.dir/feature_tests.cxx.o -c /home/sina/Desktop/llvm-cs202/HelloPass-LLVM/Pass/build/CMakeFiles/feature_tests.cxx
Linking CXX executable cmTC_1e532
/home/sina/Desktop/llvm-cs202/cmake-3.14.0-rc2/bin/cmake -E cmake_link_script CMakeFiles/cmTC_1e532.dir/link.txt --verbose=1
/usr/bin/clang++       -rdynamic CMakeFiles/cmTC_1e532.dir/feature_tests.cxx.o  -o cmTC_1e532 
make[1]: Leaving directory '/home/sina/Desktop/llvm-cs202/HelloPass-LLVM/Pass/build/CMakeFiles/CMakeTmp'


    Feature record: CXX_FEATURE:1cxx_aggregate_default_initializers
    Feature record: CXX_FEATURE:1cxx_alias_templates
    Feature record: CXX_FEATURE:1cxx_alignas
    Feature record: CXX_FEATURE:1cxx_alignof
    Feature record: CXX_FEATURE:1cxx_attributes
    Feature record: CXX_FEATURE:1cxx_attribute_deprecated
    Feature record: CXX_FEATURE:1cxx_auto_type
    Feature record: CXX_FEATURE:1cxx_binary_literals
    Feature record: CXX_FEATURE:1cxx_constexpr
    Feature record: CXX_FEATURE:1cxx_contextual_conversions
    Feature record: CXX_FEATURE:1cxx_decltype
    Feature record: CXX_FEATURE:1cxx_decltype_auto
    Feature record: CXX_FEATURE:1cxx_decltype_incomplete_return_types
    Feature record: CXX_FEATURE:1cxx_default_function_template_args
    Feature record: CXX_FEATURE:1cxx_defaulted_functions
    Feature record: CXX_FEATURE:1cxx_defaulted_move_initializers
    Feature record: CXX_FEATURE:1cxx_delegating_constructors
    Feature record: CXX_FEATURE:1cxx_deleted_functions
    Feature record: CXX_FEATURE:1cxx_digit_separators
    Feature record: CXX_FEATURE:1cxx_enum_forward_declarations
    Feature record: CXX_FEATURE:1cxx_explicit_conversions
    Feature record: CXX_FEATURE:1cxx_extended_friend_declarations
    Feature record: CXX_FEATURE:1cxx_extern_templates
    Feature record: CXX_FEATURE:1cxx_final
    Feature record: CXX_FEATURE:1cxx_func_identifier
    Feature record: CXX_FEATURE:1cxx_generalized_initializers
    Feature record: CXX_FEATURE:1cxx_generic_lambdas
    Feature record: CXX_FEATURE:1cxx_inheriting_constructors
    Feature record: CXX_FEATURE:1cxx_inline_namespaces
    Feature record: CXX_FEATURE:1cxx_lambdas
    Feature record: CXX_FEATURE:1cxx_lambda_init_captures
    Feature record: CXX_FEATURE:1cxx_local_type_template_args
    Feature record: CXX_FEATURE:1cxx_long_long_type
    Feature record: CXX_FEATURE:1cxx_noexcept
    Feature record: CXX_FEATURE:1cxx_nonstatic_member_init
    Feature record: CXX_FEATURE:1cxx_nullptr
    Feature record: CXX_FEATURE:1cxx_override
    Feature record: CXX_FEATURE:1cxx_range_for
    Feature record: CXX_FEATURE:1cxx_raw_string_literals
    Feature record: CXX_FEATURE:1cxx_reference_qualified_functions
    Feature record: CXX_FEATURE:1cxx_relaxed_constexpr
    Feature record: CXX_FEATURE:1cxx_return_type_deduction
    Feature record: CXX_FEATURE:1cxx_right_angle_brackets
    Feature record: CXX_FEATURE:1cxx_rvalue_references
    Feature record: CXX_FEATURE:1cxx_sizeof_member
    Feature record: CXX_FEATURE:1cxx_static_assert
    Feature record: CXX_FEATURE:1cxx_strong_enums
    Feature record: CXX_FEATURE:1cxx_template_template_parameters
    Feature record: CXX_FEATURE:1cxx_thread_local
    Feature record: CXX_FEATURE:1cxx_trailing_return_types
    Feature record: CXX_FEATURE:1cxx_unicode_literals
    Feature record: CXX_FEATURE:1cxx_uniform_initialization
    Feature record: CXX_FEATURE:1cxx_unrestricted_unions
    Feature record: CXX_FEATURE:1cxx_user_literals
    Feature record: CXX_FEATURE:1cxx_variable_templates
    Feature record: CXX_FEATURE:1cxx_variadic_macros
    Feature record: CXX_FEATURE:1cxx_variadic_templates


Detecting CXX [-std=c++11] compiler features compiled with the following output:
Change Dir: /home/sina/Desktop/llvm-cs202/HelloPass-LLVM/Pass/build/CMakeFiles/CMakeTmp

Run Build Command(s):/usr/bin/make cmTC_05dbf/fast 
/usr/bin/make -f CMakeFiles/cmTC_05dbf.dir/build.make CMakeFiles/cmTC_05dbf.dir/build
make[1]: Entering directory '/home/sina/Desktop/llvm-cs202/HelloPass-LLVM/Pass/build/CMakeFiles/CMakeTmp'
Building CXX object CMakeFiles/cmTC_05dbf.dir/feature_tests.cxx.o
/usr/bin/clang++    -std=c++11 -o CMakeFiles/cmTC_05dbf.dir/feature_tests.cxx.o -c /home/sina/Desktop/llvm-cs202/HelloPass-LLVM/Pass/build/CMakeFiles/feature_tests.cxx
Linking CXX executable cmTC_05dbf
/home/sina/Desktop/llvm-cs202/cmake-3.14.0-rc2/bin/cmake -E cmake_link_script CMakeFiles/cmTC_05dbf.dir/link.txt --verbose=1
/usr/bin/clang++       -rdynamic CMakeFiles/cmTC_05dbf.dir/feature_tests.cxx.o  -o cmTC_05dbf 
make[1]: Leaving directory '/home/sina/Desktop/llvm-cs202/HelloPass-LLVM/Pass/build/CMakeFiles/CMakeTmp'


    Feature record: CXX_FEATURE:0cxx_aggregate_default_initializers
    Feature record: CXX_FEATURE:1cxx_alias_templates
    Feature record: CXX_FEATURE:1cxx_alignas
    Feature record: CXX_FEATURE:1cxx_alignof
    Feature record: CXX_FEATURE:1cxx_attributes
    Feature record: CXX_FEATURE:0cxx_attribute_deprecated
    Feature record: CXX_FEATURE:1cxx_auto_type
    Feature record: CXX_FEATURE:0cxx_binary_literals
    Feature record: CXX_FEATURE:1cxx_constexpr
    Feature record: CXX_FEATURE:0cxx_contextual_conversions
    Feature record: CXX_FEATURE:1cxx_decltype
    Feature record: CXX_FEATURE:0cxx_decltype_auto
    Feature record: CXX_FEATURE:1cxx_decltype_incomplete_return_types
    Feature record: CXX_FEATURE:1cxx_default_function_template_args
    Feature record: CXX_FEATURE:1cxx_defaulted_functions
    Feature record: CXX_FEATURE:1cxx_defaulted_move_initializers
    Feature record: CXX_FEATURE:1cxx_delegating_constructors
    Feature record: CXX_FEATURE:1cxx_deleted_functions
    Feature record: CXX_FEATURE:0cxx_digit_separators
    Feature record: CXX_FEATURE:1cxx_enum_forward_declarations
    Feature record: CXX_FEATURE:1cxx_explicit_conversions
    Feature record: CXX_FEATURE:1cxx_extended_friend_declarations
    Feature record: CXX_FEATURE:1cxx_extern_templates
    Feature record: CXX_FEATURE:1cxx_final
    Feature record: CXX_FEATURE:1cxx_func_identifier
    Feature record: CXX_FEATURE:1cxx_generalized_initializers
    Feature record: CXX_FEATURE:0cxx_generic_lambdas
    Feature record: CXX_FEATURE:1cxx_inheriting_constructors
    Feature record: CXX_FEATURE:1cxx_inline_namespaces
    Feature record: CXX_FEATURE:1cxx_lambdas
    Feature record: CXX_FEATURE:0cxx_lambda_init_captures
    Feature record: CXX_FEATURE:1cxx_local_type_template_args
    Feature record: CXX_FEATURE:1cxx_long_long_type
    Feature record: CXX_FEATURE:1cxx_noexcept
    Feature record: CXX_FEATURE:1cxx_nonstatic_member_init
    Feature record: CXX_FEATURE:1cxx_nullptr
    Feature record: CXX_FEATURE:1cxx_override
    Feature record: CXX_FEATURE:1cxx_range_for
    Feature record: CXX_FEATURE:1cxx_raw_string_literals
    Feature record: CXX_FEATURE:1cxx_reference_qualified_functions
    Feature record: CXX_FEATURE:0cxx_relaxed_constexpr
    Feature record: CXX_FEATURE:0cxx_return_type_deduction
    Feature record: CXX_FEATURE:1cxx_right_angle_brackets
    Feature record: CXX_FEATURE:1cxx_rvalue_references
    Feature record: CXX_FEATURE:1cxx_sizeof_member
    Feature record: CXX_FEATURE:1cxx_static_assert
    Feature record: CXX_FEATURE:1cxx_strong_enums
    Feature record: CXX_FEATURE:1cxx_template_template_parameters
    Feature record: CXX_FEATURE:1cxx_thread_local
    Feature record: CXX_FEATURE:1cxx_trailing_return_types
    Feature record: CXX_FEATURE:1cxx_unicode_literals
    Feature record: CXX_FEATURE:1cxx_uniform_initialization
    Feature record: CXX_FEATURE:1cxx_unrestricted_unions
    Feature record: CXX_FEATURE:1cxx_user_literals
    Feature record: CXX_FEATURE:0cxx_variable_templates
    Feature record: CXX_FEATURE:1cxx_variadic_macros
    Feature record: CXX_FEATURE:1cxx_variadic_templates


Detecting CXX [-std=c++98] compiler features compiled with the following output:
Change Dir: /home/sina/Desktop/llvm-cs202/HelloPass-LLVM/Pass/build/CMakeFiles/CMakeTmp

Run Build Command(s):/usr/bin/make cmTC_8d3bf/fast 
/usr/bin/make -f CMakeFiles/cmTC_8d3bf.dir/build.make CMakeFiles/cmTC_8d3bf.dir/build
make[1]: Entering directory '/home/sina/Desktop/llvm-cs202/HelloPass-LLVM/Pass/build/CMakeFiles/CMakeTmp'
Building CXX object CMakeFiles/cmTC_8d3bf.dir/feature_tests.cxx.o
/usr/bin/clang++    -std=c++98 -o CMakeFiles/cmTC_8d3bf.dir/feature_tests.cxx.o -c /home/sina/Desktop/llvm-cs202/HelloPass-LLVM/Pass/build/CMakeFiles/feature_tests.cxx
Linking CXX executable cmTC_8d3bf
/home/sina/Desktop/llvm-cs202/cmake-3.14.0-rc2/bin/cmake -E cmake_link_script CMakeFiles/cmTC_8d3bf.dir/link.txt --verbose=1
/usr/bin/clang++       -rdynamic CMakeFiles/cmTC_8d3bf.dir/feature_tests.cxx.o  -o cmTC_8d3bf 
make[1]: Leaving directory '/home/sina/Desktop/llvm-cs202/HelloPass-LLVM/Pass/build/CMakeFiles/CMakeTmp'


    Feature record: CXX_FEATURE:0cxx_aggregate_default_initializers
    Feature record: CXX_FEATURE:0cxx_alias_templates
    Feature record: CXX_FEATURE:0cxx_alignas
    Feature record: CXX_FEATURE:0cxx_alignof
    Feature record: CXX_FEATURE:0cxx_attributes
    Feature record: CXX_FEATURE:0cxx_attribute_deprecated
    Feature record: CXX_FEATURE:0cxx_auto_type
    Feature record: CXX_FEATURE:0cxx_binary_literals
    Feature record: CXX_FEATURE:0cxx_constexpr
    Feature record: CXX_FEATURE:0cxx_contextual_conversions
    Feature record: CXX_FEATURE:0cxx_decltype
    Feature record: CXX_FEATURE:0cxx_decltype_auto
    Feature record: CXX_FEATURE:0cxx_decltype_incomplete_return_types
    Feature record: CXX_FEATURE:0cxx_default_function_template_args
    Feature record: CXX_FEATURE:0cxx_defaulted_functions
    Feature record: CXX_FEATURE:0cxx_defaulted_move_initializers
    Feature record: CXX_FEATURE:0cxx_delegating_constructors
    Feature record: CXX_FEATURE:0cxx_deleted_functions
    Feature record: CXX_FEATURE:0cxx_digit_separators
    Feature record: CXX_FEATURE:0cxx_enum_forward_declarations
    Feature record: CXX_FEATURE:0cxx_explicit_conversions
    Feature record: CXX_FEATURE:0cxx_extended_friend_declarations
    Feature record: CXX_FEATURE:0cxx_extern_templates
    Feature record: CXX_FEATURE:0cxx_final
    Feature record: CXX_FEATURE:0cxx_func_identifier
    Feature record: CXX_FEATURE:0cxx_generalized_initializers
    Feature record: CXX_FEATURE:0cxx_generic_lambdas
    Feature record: CXX_FEATURE:0cxx_inheriting_constructors
    Feature record: CXX_FEATURE:0cxx_inline_namespaces
    Feature record: CXX_FEATURE:0cxx_lambdas
    Feature record: CXX_FEATURE:0cxx_lambda_init_captures
    Feature record: CXX_FEATURE:0cxx_local_type_template_args
    Feature record: CXX_FEATURE:0cxx_long_long_type
    Feature record: CXX_FEATURE:0cxx_noexcept
    Feature record: CXX_FEATURE:0cxx_nonstatic_member_init
    Feature record: CXX_FEATURE:0cxx_nullptr
    Feature record: CXX_FEATURE:0cxx_override
    Feature record: CXX_FEATURE:0cxx_range_for
    Feature record: CXX_FEATURE:0cxx_raw_string_literals
    Feature record: CXX_FEATURE:0cxx_reference_qualified_functions
    Feature record: CXX_FEATURE:0cxx_relaxed_constexpr
    Feature record: CXX_FEATURE:0cxx_return_type_deduction
    Feature record: CXX_FEATURE:0cxx_right_angle_brackets
    Feature record: CXX_FEATURE:0cxx_rvalue_references
    Feature record: CXX_FEATURE:0cxx_sizeof_member
    Feature record: CXX_FEATURE:0cxx_static_assert
    Feature record: CXX_FEATURE:0cxx_strong_enums
    Feature record: CXX_FEATURE:1cxx_template_template_parameters
    Feature record: CXX_FEATURE:0cxx_thread_local
    Feature record: CXX_FEATURE:0cxx_trailing_return_types
    Feature record: CXX_FEATURE:0cxx_unicode_literals
    Feature record: CXX_FEATURE:0cxx_uniform_initialization
    Feature record: CXX_FEATURE:0cxx_unrestricted_unions
    Feature record: CXX_FEATURE:0cxx_user_literals
    Feature record: CXX_FEATURE:0cxx_variable_templates
    Feature record: CXX_FEATURE:0cxx_variadic_macros
    Feature record: CXX_FEATURE:0cxx_variadic_templates
